The system is: Linux - 5.8.0-48-generic - x86_64
Compiling the C compiler identification source file "CMakeCCompilerId.c" succeeded.
Compiler: /usr/bin/cc 
Build flags: 
Id flags:  

The output was:
0


Compilation of the C compiler identification source "CMakeCCompilerId.c" produced "a.out"

The C compiler identification is GNU, found in "/shared/Study/2020-2021/S21/Networks/Optional Project/Source/cmake-build-debug/CMakeFiles/3.17.5/CompilerIdC/a.out"

Determining if the C compiler works passed with the following output:
Change Dir: /shared/Study/2020-2021/S21/Networks/Optional Project/Source/cmake-build-debug/CMakeFiles/CMakeTmp

Run Build Command(s):/usr/bin/make cmTC_98c26/fast && /usr/bin/make  -f CMakeFiles/cmTC_98c26.dir/build.make CMakeFiles/cmTC_98c26.dir/build
make[1]: Entering directory '/shared/Study/2020-2021/S21/Networks/Optional Project/Source/cmake-build-debug/CMakeFiles/CMakeTmp'
Building C object CMakeFiles/cmTC_98c26.dir/testCCompiler.c.o
/usr/bin/cc    -o CMakeFiles/cmTC_98c26.dir/testCCompiler.c.o   -c "/shared/Study/2020-2021/S21/Networks/Optional Project/Source/cmake-build-debug/CMakeFiles/CMakeTmp/testCCompiler.c"
Linking C executable cmTC_98c26
/snap/clion/145/bin/cmake/linux/bin/cmake -E cmake_link_script CMakeFiles/cmTC_98c26.dir/link.txt --verbose=1
/usr/bin/cc      CMakeFiles/cmTC_98c26.dir/testCCompiler.c.o  -o cmTC_98c26 
make[1]: Leaving directory '/shared/Study/2020-2021/S21/Networks/Optional Project/Source/cmake-build-debug/CMakeFiles/CMakeTmp'



Determining if the include file pthread.h exists passed with the following output:
Change Dir: /shared/Study/2020-2021/S21/Networks/Optional Project/Source/cmake-build-debug/CMakeFiles/CMakeTmp

Run Build Command(s):/usr/bin/make cmTC_ff924/fast && /usr/bin/make  -f CMakeFiles/cmTC_ff924.dir/build.make CMakeFiles/cmTC_ff924.dir/build
make[1]: Entering directory '/shared/Study/2020-2021/S21/Networks/Optional Project/Source/cmake-build-debug/CMakeFiles/CMakeTmp'
Building C object CMakeFiles/cmTC_ff924.dir/CheckIncludeFile.c.o
/usr/bin/cc   -std=gnu99 -o CMakeFiles/cmTC_ff924.dir/CheckIncludeFile.c.o   -c "/shared/Study/2020-2021/S21/Networks/Optional Project/Source/cmake-build-debug/CMakeFiles/CMakeTmp/CheckIncludeFile.c"
Linking C executable cmTC_ff924
/opt/clion-2020.3.3/bin/cmake/linux/bin/cmake -E cmake_link_script CMakeFiles/cmTC_ff924.dir/link.txt --verbose=1
/usr/bin/cc      CMakeFiles/cmTC_ff924.dir/CheckIncludeFile.c.o  -o cmTC_ff924 
make[1]: Leaving directory '/shared/Study/2020-2021/S21/Networks/Optional Project/Source/cmake-build-debug/CMakeFiles/CMakeTmp'



The system is: Linux - 5.8.0-50-generic - x86_64
Compiling the C compiler identification source file "CMakeCCompilerId.c" succeeded.
Compiler: /usr/bin/cc 
Build flags: 
Id flags:  

The output was:
0


Compilation of the C compiler identification source "CMakeCCompilerId.c" produced "a.out"

The C compiler identification is GNU, found in "/shared/Study/2020-2021/S21/Networks/Optional Project/Source/cmake-build-debug/CMakeFiles/3.19.2/CompilerIdC/a.out"

Determining if the C compiler works passed with the following output:
Change Dir: /shared/Study/2020-2021/S21/Networks/Optional Project/Source/cmake-build-debug/CMakeFiles/CMakeTmp

Run Build Command(s):/usr/bin/make cmTC_91b5c/fast && /usr/bin/make  -f CMakeFiles/cmTC_91b5c.dir/build.make CMakeFiles/cmTC_91b5c.dir/build
make[1]: Entering directory '/shared/Study/2020-2021/S21/Networks/Optional Project/Source/cmake-build-debug/CMakeFiles/CMakeTmp'
Building C object CMakeFiles/cmTC_91b5c.dir/testCCompiler.c.o
/usr/bin/cc    -o CMakeFiles/cmTC_91b5c.dir/testCCompiler.c.o -c "/shared/Study/2020-2021/S21/Networks/Optional Project/Source/cmake-build-debug/CMakeFiles/CMakeTmp/testCCompiler.c"
Linking C executable cmTC_91b5c
/opt/clion-2021.1.1/bin/cmake/linux/bin/cmake -E cmake_link_script CMakeFiles/cmTC_91b5c.dir/link.txt --verbose=1
/usr/bin/cc CMakeFiles/cmTC_91b5c.dir/testCCompiler.c.o -o cmTC_91b5c 
make[1]: Leaving directory '/shared/Study/2020-2021/S21/Networks/Optional Project/Source/cmake-build-debug/CMakeFiles/CMakeTmp'



